Removed Pin From Net: NetName=VCC Pin=R2-0
Removed Pin From Net: NetName=GND Pin=R3-0
Removed Pin From Net: NetName=VCC Pin=R3-1
Removed Member From Class: ClassName=Sheet1 Member=R1
Removed Member From Class: ClassName=Sheet1 Member=R2
Removed Member From Class: ClassName=Sheet1 Member=R3
Added Component: Designator=C2(Capacitor)
Add component. Clean all parameters for all variants
Add component (AddParameter): Name = "Availability"; Value = "Avaliable"; VariantName = "[No Variations]"
Add component (AddParameter): Name = "Datasheet_link"; Value = "https://www.electron.com/electrolytic-capacitor-jamicon-skr220m1ed11m-p1278/"; VariantName = "[No Variations]"
Add component (AddParameter): Name = "Link_Autocore"; Value = "https://www.autocorerobotica.com.br/capacitor-eletrolitico-22uf-25v-kit-com-5-unidades"; VariantName = "[No Variations]"
Add component (AddParameter): Name = "Value"; Value = "R$: 0.70 /5 unidades"; VariantName = "[No Variations]"
Added Component: Designator=C3(Capacitor)
Add component. Clean all parameters for all variants
Add component (AddParameter): Name = "Availability"; Value = "Avaliable"; VariantName = "[No Variations]"
Add component (AddParameter): Name = "Datasheet_link"; Value = "https://www.electron.com/electrolytic-capacitor-jamicon-skr220m1ed11m-p1278/"; VariantName = "[No Variations]"
Add component (AddParameter): Name = "Link_Autocore"; Value = "https://www.autocorerobotica.com.br/capacitor-eletrolitico-22uf-25v-kit-com-5-unidades"; VariantName = "[No Variations]"
Add component (AddParameter): Name = "Value"; Value = "R$: 0.70 /5 unidades"; VariantName = "[No Variations]"
Added Component: Designator=C4(Capacitor)
Add component. Clean all parameters for all variants
Add component (AddParameter): Name = "Availability"; Value = "Avaliable"; VariantName = "[No Variations]"
Add component (AddParameter): Name = "Datasheet_link"; Value = "https://www.electron.com/electrolytic-capacitor-jamicon-skr220m1ed11m-p1278/"; VariantName = "[No Variations]"
Add component (AddParameter): Name = "Link_Autocore"; Value = "https://www.autocorerobotica.com.br/capacitor-eletrolitico-22uf-25v-kit-com-5-unidades"; VariantName = "[No Variations]"
Add component (AddParameter): Name = "Value"; Value = "R$: 0.70 /5 unidades"; VariantName = "[No Variations]"
Added Component: Designator=C(Capacitor)
Add component. Clean all parameters for all variants
Add component (AddParameter): Name = "Availability"; Value = "Avaliable"; VariantName = "[No Variations]"
Add component (AddParameter): Name = "Datasheet_link"; Value = "https://www.electron.com/electrolytic-capacitor-jamicon-skr220m1ed11m-p1278/"; VariantName = "[No Variations]"
Add component (AddParameter): Name = "Link_Autocore"; Value = "https://www.autocorerobotica.com.br/capacitor-eletrolitico-22uf-25v-kit-com-5-unidades"; VariantName = "[No Variations]"
Add component (AddParameter): Name = "Value"; Value = "R$: 0.70 /5 unidades"; VariantName = "[No Variations]"
Added Component: Designator=LM1117(LM1117)
Add component. Clean all parameters for all variants
Add component (AddParameter): Name = "Availability"; Value = "Avaliable"; VariantName = "[No Variations]"
Add component (AddParameter): Name = "Datasheet_Link"; Value = "https://www.ti.com/lit/ds/symlink/lm1117.pdf"; VariantName = "[No Variations]"
Add component (AddParameter): Name = "Fornecimento"; Value = "5 unidades dadas pelo LESC"; VariantName = "[No Variations]"
Add component (AddParameter): Name = "Link_to_buy"; Value = "https://produto.mercadolivre.com.br/MLB-1311183327-regulador-tenso-ams1117-5v-1a-ams-50-lm1117-arduino-50-und-_JM?quantity=1#position=1&type=item&tracking_id=e7e56533-6660-4ba9-8523-e90372d9ead6"; VariantName = "[No Variations]"
Add component (AddParameter): Name = "Price"; Value = "R$ 34.00 / 50 unidades"; VariantName = "[No Variations]"
Added Pin To Net: NetName=GND Pin=C2--
Added Pin To Net: NetName=VCC Pin=C3-+
Added Pin To Net: NetName=GND Pin=C4--
Added Pin To Net: NetName=GND Pin=LM1117-GND
Added Pin To Net: NetName=GND Pin=LM1117-GND
Added Pin To Net: NetName=VCC Pin=LM1117-V-OUT
Added Pin To Net: NetName=NetC2_+ Pin=C2-+
Added Pin To Net: NetName=NetC2_+ Pin=C--
Added Net: Name=NetC2_+
Added Pin To Net: NetName=NetC3_- Pin=C3--
Added Pin To Net: NetName=NetC3_- Pin=C4-+
Added Net: Name=NetC3_-
Added Pin To Net: NetName=VCC-IN Pin=C-+
Added Pin To Net: NetName=VCC-IN Pin=J-4
Added Pin To Net: NetName=VCC-IN Pin=LM1117-V-IN
Added Net: Name=VCC-IN
Added Member To Class: ClassName=Sheet1 Member=Component C2 Capacitor Eletrolítico
Added Member To Class: ClassName=Sheet1 Member=Component C3 Capacitor Eletrolítico
Added Member To Class: ClassName=Sheet1 Member=Component C4 Capacitor Eletrolítico
Added Member To Class: ClassName=Sheet1 Member=Component C Capacitor Eletrolítico
Added Member To Class: ClassName=Sheet1 Member=Component LM1117 Lm1117
Added Room: Name=Sheet1
